# $Id: treeass.c,v 1.7 2002/07/26 03:20:14 shimo Exp $
# reading mam15.tpl
# 15 trees read
# 15 trees, 6 leaves
# edges total: 18
# reverse edges: 0
# 10 base-edges, 7 common-edges, 1 root-edge

# trees: 15 out of 15
15
((Homsa,(Phovi,Bosta)),Orycu,(Musmu,Didvi)); 1 <- 1 (0.0667)
(Homsa,Orycu,((Phovi,Bosta),(Musmu,Didvi))); 2 <- 2 (0.0667)
(Homsa,((Phovi,Bosta),Orycu),(Musmu,Didvi)); 3 <- 3 (0.0667)
(Homsa,(Orycu,Musmu),((Phovi,Bosta),Didvi)); 4 <- 4 (0.0667)
((Homsa,(Phovi,Bosta)),(Orycu,Musmu),Didvi); 5 <- 5 (0.0667)
(Homsa,((Phovi,Bosta),(Orycu,Musmu)),Didvi); 6 <- 6 (0.0667)
(Homsa,(((Phovi,Bosta),Orycu),Musmu),Didvi); 7 <- 7 (0.0667)
(((Homsa,(Phovi,Bosta)),Musmu),Orycu,Didvi); 8 <- 8 (0.0667)
(((Homsa,Musmu),(Phovi,Bosta)),Orycu,Didvi); 9 <- 9 (0.0667)
(Homsa,Orycu,(((Phovi,Bosta),Musmu),Didvi)); 10 <- 10 (0.0667)
(Homsa,(((Phovi,Bosta),Musmu),Orycu),Didvi); 11 <- 11 (0.0667)
((Homsa,((Phovi,Bosta),Musmu)),Orycu,Didvi); 12 <- 12 (0.0667)
(Homsa,Orycu,(((Phovi,Bosta),Didvi),Musmu)); 13 <- 13 (0.0667)
((Homsa,Musmu),Orycu,((Phovi,Bosta),Didvi)); 14 <- 14 (0.0667)
((Homsa,Musmu),((Phovi,Bosta),Orycu),Didvi); 15 <- 15 (0.0667)

# leaves: 6
6
  1 Homsa
  2 Phovi
  3 Bosta
  4 Orycu
  5 Musmu
  6 Didvi

# base edges: 10
10 6
          
    123456
  1 +++---  ; (0.2000)
  2 ++++--  ; (0.2000)
  3 +--+--  ; (0.2000)
  4 -+++--  ; (0.2000)
  5 ---++-  ; (0.2000)
  6 +--++-  ; (0.2000)
  7 -++++-  ; (0.2000)
  8 +++-+-  ; (0.2000)
  9 +---+-  ; (0.2000)
 10 -++-+-  ; (0.2000)

# common edges: 7
7 6
          
    123456
 11 +-----  ; (1.0000)
 12 -++---  ; (1.0000)
 13 -+----  ; (1.0000)
 14 --+---  ; (1.0000)
 15 ---+--  ; (1.0000)
 16 ----+-  ; (1.0000)
 17 +++++-  ; (1.0000)

# tree->edge
15
  1   2  1 2 
  2   2  2 3 
  3   2  2 4 
  4   2  5 6 
  5   2  1 5 
  6   2  5 7 
  7   2  4 7 
  8   2  1 8 
  9   2  8 9 
 10   2  3 10 
 11   2  7 10 
 12   2  8 10 
 13   2  3 6 
 14   2  6 9 
 15   2  4 9 

# edge->tree
10
  1   3  1 5 8
  2   3  1 2 3
  3   3  2 10 13
  4   3  3 7 15
  5   3  4 5 6
  6   3  4 13 14
  7   3  6 7 11
  8   3  8 9 12
  9   3  9 14 15
 10   3  10 11 12

# writing mam15.ass
# exit normally
