# $Id: treeass.c,v 1.7 2002/07/26 03:20:14 shimo Exp $
# reading mam26.tpl
# 26 trees read
# 26 trees, 6 leaves
# edges total: 25
# reverse edges: 7
# 10 base-edges, 7 common-edges, 1 root-edge

# trees: 26 out of 26
26
((Homsa,(Phovi,Bosta)),Orycu,(Musmu,Didvi)); 1 <- 1 (0.0385)
(Homsa,Orycu,((Phovi,Bosta),(Musmu,Didvi))); 2 <- 2 (0.0385)
(Homsa,((Phovi,Bosta),Orycu),(Musmu,Didvi)); 3 <- 3 (0.0385)
(Homsa,(Orycu,Musmu),((Phovi,Bosta),Didvi)); 4 <- 4 (0.0385)
((Homsa,(Phovi,Bosta)),(Orycu,Musmu),Didvi); 5 <- 5 (0.0385)
(Homsa,((Phovi,Bosta),(Orycu,Musmu)),Didvi); 6 <- 6 (0.0385)
(Homsa,(((Phovi,Bosta),Orycu),Musmu),Didvi); 7 <- 7 (0.0385)
(((Homsa,(Phovi,Bosta)),Musmu),Orycu,Didvi); 8 <- 8 (0.0385)
(((Homsa,Musmu),(Phovi,Bosta)),Orycu,Didvi); 9 <- 9 (0.0385)
(Homsa,Orycu,(((Phovi,Bosta),Musmu),Didvi)); 10 <- 10 (0.0385)
(Homsa,(((Phovi,Bosta),Musmu),Orycu),Didvi); 11 <- 11 (0.0385)
((Homsa,((Phovi,Bosta),Musmu)),Orycu,Didvi); 12 <- 12 (0.0385)
(Homsa,Orycu,(((Phovi,Bosta),Didvi),Musmu)); 13 <- 13 (0.0385)
((Homsa,Musmu),Orycu,((Phovi,Bosta),Didvi)); 14 <- 14 (0.0385)
((Homsa,Musmu),((Phovi,Bosta),Orycu),Didvi); 15 <- 15 (0.0385)
(Homsa,(Phovi,Bosta),Orycu,Musmu,Didvi); 16 <- 16 (0.0385)
((Homsa,(Phovi,Bosta),Orycu),Musmu,Didvi); 17 <- 17 (0.0385)
((Homsa,Orycu,Musmu),(Phovi,Bosta),Didvi); 18 <- 18 (0.0385)
(((Phovi,Bosta),Orycu,Musmu),Homsa,Didvi); 19 <- 19 (0.0385)
((Homsa,(Phovi,Bosta),Musmu),Orycu,Didvi); 20 <- 20 (0.0385)
(Homsa,(Phovi,Bosta),(Orycu,Musmu,Didvi)); 21 <- 21 (0.0385)
(Orycu,Musmu,(Homsa,(Phovi,Bosta),Didvi)); 22 <- 22 (0.0385)
((Phovi,Bosta),Musmu,(Homsa,Orycu,Didvi)); 23 <- 23 (0.0385)
(Homsa,Orycu,((Phovi,Bosta),Musmu,Didvi)); 24 <- 24 (0.0385)
((Phovi,Bosta),Orycu,(Homsa,Musmu,Didvi)); 25 <- 25 (0.0385)
(Homsa,Musmu,((Phovi,Bosta),Orycu,Didvi)); 26 <- 26 (0.0385)

# leaves: 6
6
  1 Homsa
  2 Phovi
  3 Bosta
  4 Orycu
  5 Musmu
  6 Didvi

# base edges: 10
10 6
          
    123456
  1 +++---  ; (0.1538)
  2 ++++--  ; (0.1538)
  3 +--+--  ; (0.1538)
  4 -+++--  ; (0.1538)
  5 ---++-  ; (0.1538)
  6 +--++-  ; (0.1538)
  7 -++++-  ; (0.1538)
  8 +++-+-  ; (0.1538)
  9 +---+-  ; (0.1538)
 10 -++-+-  ; (0.1538)

# common edges: 7
7 6
          
    123456
 11 +-----  ; (1.0000)
 12 -++---  ; (1.0000)
 13 -+----  ; (1.0000)
 14 --+---  ; (1.0000)
 15 ---+--  ; (1.0000)
 16 ----+-  ; (1.0000)
 17 +++++-  ; (1.0000)

# tree->edge
26
  1   2  1 2 
  2   2  2 3 
  3   2  2 4 
  4   2  5 6 
  5   2  1 5 
  6   2  5 7 
  7   2  4 7 
  8   2  1 8 
  9   2  8 9 
 10   2  3 10 
 11   2  7 10 
 12   2  8 10 
 13   2  3 6 
 14   2  6 9 
 15   2  4 9 
 16   0  
 17   1  2 
 18   1  6 
 19   1  7 
 20   1  8 
 21   1  1 
 22   1  5 
 23   1  10 
 24   1  3 
 25   1  4 
 26   1  9 

# edge->tree
10
  1   4  1 5 8 21
  2   4  1 2 3 17
  3   4  2 10 13 24
  4   4  3 7 15 25
  5   4  4 5 6 22
  6   4  4 13 14 18
  7   4  6 7 11 19
  8   4  8 9 12 20
  9   4  9 14 15 26
 10   4  10 11 12 23

# writing mam26.ass
# exit normally
