# $Id: treeass.c,v 1.7 2002/07/26 03:20:14 shimo Exp $
# reading mam105.tpl
# 105 trees read
# 105 trees, 6 leaves
# edges total: 32
# reverse edges: 0
# 25 base-edges, 6 common-edges, 1 root-edge

# trees: 105 out of 105
105
(Homsa,((Phovi,Bosta),Orycu),(Didvi,Musmu)); 1 <- 1 (0.0095)
((Homsa,Orycu),(Phovi,Bosta),(Didvi,Musmu)); 2 <- 2 (0.0095)
((Homsa,Musmu),((Phovi,Bosta),Orycu),Didvi); 3 <- 3 (0.0095)
(Homsa,(Phovi,Bosta),((Didvi,Musmu),Orycu)); 4 <- 4 (0.0095)
(Homsa,(((Phovi,Bosta),Orycu),Musmu),Didvi); 5 <- 5 (0.0095)
(Homsa,(((Phovi,Bosta),Musmu),Orycu),Didvi); 6 <- 6 (0.0095)
(Homsa,(Phovi,Bosta),((Didvi,Orycu),Musmu)); 7 <- 7 (0.0095)
(Homsa,(Phovi,Bosta),(Didvi,(Orycu,Musmu))); 8 <- 8 (0.0095)
(Homsa,((Phovi,Bosta),(Orycu,Musmu)),Didvi); 9 <- 9 (0.0095)
((Homsa,(Orycu,Musmu)),(Phovi,Bosta),Didvi); 10 <- 10 (0.0095)
(((Homsa,Musmu),Orycu),(Phovi,Bosta),Didvi); 11 <- 11 (0.0095)
(Homsa,((Phovi,Bosta),Musmu),(Didvi,Orycu)); 12 <- 12 (0.0095)
((Homsa,Orycu),((Phovi,Bosta),Musmu),Didvi); 13 <- 13 (0.0095)
((Homsa,Musmu),(Phovi,Bosta),(Didvi,Orycu)); 14 <- 14 (0.0095)
(((Homsa,Orycu),Musmu),(Phovi,Bosta),Didvi); 15 <- 15 (0.0095)
(Homsa,(Phovi,(Bosta,Orycu)),(Didvi,Musmu)); 16 <- 16 (0.0095)
(Homsa,Phovi,(((Didvi,Musmu),Orycu),Bosta)); 17 <- 17 (0.0095)
(Homsa,((Phovi,Orycu),Bosta),(Didvi,Musmu)); 18 <- 18 (0.0095)
((Homsa,Bosta),Phovi,((Didvi,Musmu),Orycu)); 19 <- 19 (0.0095)
(((Homsa,Orycu),Bosta),Phovi,(Didvi,Musmu)); 20 <- 20 (0.0095)
((Homsa,Musmu),(Phovi,(Bosta,Orycu)),Didvi); 21 <- 21 (0.0095)
(Homsa,(Phovi,Orycu),((Didvi,Musmu),Bosta)); 22 <- 22 (0.0095)
(Homsa,((Phovi,(Bosta,Orycu)),Musmu),Didvi); 23 <- 23 (0.0095)
((Homsa,Orycu),Phovi,((Didvi,Musmu),Bosta)); 24 <- 24 (0.0095)
(Homsa,(Phovi,(Bosta,(Orycu,Musmu))),Didvi); 25 <- 25 (0.0095)
((Homsa,Musmu),((Phovi,Orycu),Bosta),Didvi); 26 <- 26 (0.0095)
(Homsa,(((Phovi,Orycu),Bosta),Musmu),Didvi); 27 <- 27 (0.0095)
(Homsa,Phovi,(((Didvi,Orycu),Musmu),Bosta)); 28 <- 28 (0.0095)
((Homsa,Bosta),Phovi,((Didvi,Orycu),Musmu)); 29 <- 29 (0.0095)
(Homsa,((Phovi,(Orycu,Musmu)),Bosta),Didvi); 30 <- 30 (0.0095)
((Homsa,(Bosta,Orycu)),Phovi,(Didvi,Musmu)); 31 <- 31 (0.0095)
(((Homsa,Bosta),Orycu),Phovi,(Didvi,Musmu)); 32 <- 32 (0.0095)
((Homsa,Bosta),(Phovi,Orycu),(Didvi,Musmu)); 33 <- 33 (0.0095)
(Homsa,Phovi,((Didvi,(Orycu,Musmu)),Bosta)); 34 <- 34 (0.0095)
((Homsa,Bosta),Phovi,(Didvi,(Orycu,Musmu))); 35 <- 35 (0.0095)
(Homsa,Phovi,(((Didvi,Musmu),Bosta),Orycu)); 36 <- 36 (0.0095)
(Homsa,Phovi,((Didvi,Musmu),(Bosta,Orycu))); 37 <- 37 (0.0095)
((((Homsa,Musmu),Orycu),Bosta),Phovi,Didvi); 38 <- 38 (0.0095)
(((Homsa,(Orycu,Musmu)),Bosta),Phovi,Didvi); 39 <- 39 (0.0095)
((((Homsa,Orycu),Musmu),Bosta),Phovi,Didvi); 40 <- 40 (0.0095)
((Homsa,(Orycu,Musmu)),Phovi,(Didvi,Bosta)); 41 <- 41 (0.0095)
(((Homsa,Musmu),Orycu),Phovi,(Didvi,Bosta)); 42 <- 42 (0.0095)
(((Homsa,Orycu),Musmu),Phovi,(Didvi,Bosta)); 43 <- 43 (0.0095)
(Homsa,(((Phovi,Musmu),Bosta),Orycu),Didvi); 44 <- 44 (0.0095)
(Homsa,(((Phovi,Orycu),Musmu),Bosta),Didvi); 45 <- 45 (0.0095)
(((Homsa,Musmu),Bosta),(Phovi,Orycu),Didvi); 46 <- 46 (0.0095)
(Homsa,((Phovi,(Bosta,Musmu)),Orycu),Didvi); 47 <- 47 (0.0095)
((Homsa,Musmu),Phovi,((Didvi,Orycu),Bosta)); 48 <- 48 (0.0095)
(Homsa,((Phovi,Orycu),(Bosta,Musmu)),Didvi); 49 <- 49 (0.0095)
((Homsa,(Bosta,(Orycu,Musmu))),Phovi,Didvi); 50 <- 50 (0.0095)
(Homsa,Phovi,(Didvi,(Bosta,(Orycu,Musmu)))); 51 <- 51 (0.0095)
(Homsa,(Phovi,((Bosta,Musmu),Orycu)),Didvi); 52 <- 52 (0.0095)
(Homsa,((Phovi,Musmu),Bosta),(Didvi,Orycu)); 53 <- 53 (0.0095)
(Homsa,(Phovi,((Bosta,Orycu),Musmu)),Didvi); 54 <- 54 (0.0095)
(((Homsa,Musmu),Bosta),Phovi,(Didvi,Orycu)); 55 <- 55 (0.0095)
(Homsa,(Phovi,(Bosta,Musmu)),(Didvi,Orycu)); 56 <- 56 (0.0095)
((Homsa,Orycu),((Phovi,Musmu),Bosta),Didvi); 57 <- 57 (0.0095)
(Homsa,(((Phovi,Musmu),Orycu),Bosta),Didvi); 58 <- 58 (0.0095)
((Homsa,Musmu),Phovi,((Didvi,Bosta),Orycu)); 59 <- 59 (0.0095)
((Homsa,Musmu),(Phovi,Orycu),(Didvi,Bosta)); 60 <- 60 (0.0095)
((Homsa,Musmu),Phovi,(Didvi,(Bosta,Orycu))); 61 <- 61 (0.0095)
(Homsa,((Phovi,Musmu),(Bosta,Orycu)),Didvi); 62 <- 62 (0.0095)
(Homsa,(Phovi,(Orycu,Musmu)),(Didvi,Bosta)); 63 <- 63 (0.0095)
((Homsa,Orycu),(Phovi,(Bosta,Musmu)),Didvi); 64 <- 64 (0.0095)
((Homsa,Bosta),(Phovi,(Orycu,Musmu)),Didvi); 65 <- 65 (0.0095)
(((Homsa,Bosta),(Orycu,Musmu)),Phovi,Didvi); 66 <- 66 (0.0095)
((((Homsa,Musmu),Bosta),Orycu),Phovi,Didvi); 67 <- 67 (0.0095)
(Homsa,Phovi,((Didvi,Bosta),(Orycu,Musmu))); 68 <- 68 (0.0095)
((Homsa,Orycu),Phovi,(Didvi,(Bosta,Musmu))); 69 <- 69 (0.0095)
(((Homsa,Musmu),(Bosta,Orycu)),Phovi,Didvi); 70 <- 70 (0.0095)
((Homsa,(Bosta,Musmu)),(Phovi,Orycu),Didvi); 71 <- 71 (0.0095)
(((Homsa,Bosta),Musmu),(Phovi,Orycu),Didvi); 72 <- 72 (0.0095)
(((Homsa,Orycu),Bosta),(Phovi,Musmu),Didvi); 73 <- 73 (0.0095)
((Homsa,Orycu),Phovi,((Didvi,Bosta),Musmu)); 74 <- 74 (0.0095)
((Homsa,Orycu),(Phovi,Musmu),(Didvi,Bosta)); 75 <- 75 (0.0095)
(((Homsa,Orycu),(Bosta,Musmu)),Phovi,Didvi); 76 <- 76 (0.0095)
((((Homsa,Orycu),Bosta),Musmu),Phovi,Didvi); 77 <- 77 (0.0095)
(Homsa,((Phovi,Orycu),Musmu),(Didvi,Bosta)); 78 <- 78 (0.0095)
(Homsa,(Phovi,Orycu),(Didvi,(Bosta,Musmu))); 79 <- 79 (0.0095)
((Homsa,Bosta),((Phovi,Orycu),Musmu),Didvi); 80 <- 80 (0.0095)
(Homsa,(Phovi,Orycu),((Didvi,Bosta),Musmu)); 81 <- 81 (0.0095)
(Homsa,Phovi,((Didvi,(Bosta,Musmu)),Orycu)); 82 <- 82 (0.0095)
(Homsa,Phovi,(((Didvi,Bosta),Musmu),Orycu)); 83 <- 83 (0.0095)
(Homsa,(Phovi,Musmu),((Didvi,Orycu),Bosta)); 84 <- 84 (0.0095)
(Homsa,Phovi,(((Didvi,Orycu),Bosta),Musmu)); 85 <- 85 (0.0095)
(Homsa,((Phovi,Musmu),Orycu),(Didvi,Bosta)); 86 <- 86 (0.0095)
((Homsa,Bosta),((Phovi,Musmu),Orycu),Didvi); 87 <- 87 (0.0095)
((Homsa,(Bosta,Musmu)),Phovi,(Didvi,Orycu)); 88 <- 88 (0.0095)
(((Homsa,Bosta),Musmu),Phovi,(Didvi,Orycu)); 89 <- 89 (0.0095)
(Homsa,(Phovi,Musmu),((Didvi,Bosta),Orycu)); 90 <- 90 (0.0095)
(Homsa,(Phovi,Musmu),(Didvi,(Bosta,Orycu))); 91 <- 91 (0.0095)
((Homsa,((Bosta,Musmu),Orycu)),Phovi,Didvi); 92 <- 92 (0.0095)
(((Homsa,(Bosta,Musmu)),Orycu),Phovi,Didvi); 93 <- 93 (0.0095)
((Homsa,(Bosta,Orycu)),(Phovi,Musmu),Didvi); 94 <- 94 (0.0095)
(((Homsa,Bosta),Orycu),(Phovi,Musmu),Didvi); 95 <- 95 (0.0095)
(Homsa,Phovi,(((Didvi,Bosta),Orycu),Musmu)); 96 <- 96 (0.0095)
((Homsa,((Bosta,Orycu),Musmu)),Phovi,Didvi); 97 <- 97 (0.0095)
(((Homsa,(Bosta,Orycu)),Musmu),Phovi,Didvi); 98 <- 98 (0.0095)
(Homsa,Phovi,((Didvi,(Bosta,Orycu)),Musmu)); 99 <- 99 (0.0095)
(Homsa,Phovi,(Didvi,((Bosta,Musmu),Orycu))); 100 <- 100 (0.0095)
((Homsa,Bosta),(Phovi,Musmu),(Didvi,Orycu)); 101 <- 101 (0.0095)
((((Homsa,Bosta),Musmu),Orycu),Phovi,Didvi); 102 <- 102 (0.0095)
((((Homsa,Bosta),Orycu),Musmu),Phovi,Didvi); 103 <- 103 (0.0095)
(Homsa,Phovi,((Didvi,Orycu),(Bosta,Musmu))); 104 <- 104 (0.0095)
(Homsa,Phovi,(Didvi,((Bosta,Orycu),Musmu))); 105 <- 105 (0.0095)

# leaves: 6
6
  1 Homsa
  2 Phovi
  3 Bosta
  4 Orycu
  5 Didvi
  6 Musmu

# base edges: 25
25 6
          
    123456
  1 ++----  ; (0.1429)
  2 -++---  ; (0.1429)
  3 ++++--  ; (0.1429)
  4 +--+--  ; (0.1429)
  5 -++++-  ; (0.1429)
  6 -+-+--  ; (0.1429)
  7 +---+-  ; (0.1429)
  8 +-+---  ; (0.1429)
  9 ---++-  ; (0.1429)
 10 +++-+-  ; (0.1429)
 11 +-+++-  ; (0.1429)
 12 --++--  ; (0.1429)
 13 ++-++-  ; (0.1429)
 14 --+-+-  ; (0.1429)
 15 -+--+-  ; (0.1429)
 16 +++---  ; (0.0857)
 17 -++-+-  ; (0.0857)
 18 ++--+-  ; (0.0857)
 19 +-+-+-  ; (0.0857)
 20 ++-+--  ; (0.0857)
 21 +-++--  ; (0.0857)
 22 +--++-  ; (0.0857)
 23 -+-++-  ; (0.0857)
 24 -+++--  ; (0.0857)
 25 --+++-  ; (0.0857)

# common edges: 6
6 6
          
    123456
 26 +-----  ; (1.0000)
 27 -+----  ; (1.0000)
 28 --+---  ; (1.0000)
 29 ---+--  ; (1.0000)
 30 ----+-  ; (1.0000)
 31 +++++-  ; (1.0000)

# tree->edge
105
  1   3  24 2 3 
  2   3  2 3 4 
  3   3  24 2 5 
  4   3  2 3 16 
  5   3  24 2 7 
  6   3  2 7 22 
  7   3  2 16 9 
  8   3  2 16 10 
  9   3  2 7 10 
 10   3  2 10 17 
 11   3  2 5 17 
 12   3  2 22 9 
 13   3  2 4 22 
 14   3  2 5 9 
 15   3  2 4 17 
 16   3  24 3 12 
 17   3  3 16 1 
 18   3  24 3 6 
 19   3  3 16 8 
 20   3  3 4 21 
 21   3  24 5 12 
 22   3  3 6 20 
 23   3  24 7 12 
 24   3  3 4 20 
 25   3  7 10 18 
 26   3  24 5 6 
 27   3  24 7 6 
 28   3  16 9 1 
 29   3  16 9 8 
 30   3  7 10 19 
 31   3  3 12 21 
 32   3  3 8 21 
 33   3  3 6 8 
 34   3  16 10 1 
 35   3  16 10 8 
 36   3  3 1 20 
 37   3  3 12 1 
 38   3  5 17 15 
 39   3  10 17 15 
 40   3  4 17 15 
 41   3  10 17 14 
 42   3  5 17 14 
 43   3  4 17 14 
 44   3  7 22 11 
 45   3  7 6 19 
 46   3  5 6 23 
 47   3  7 22 13 
 48   3  5 9 25 
 49   3  7 6 13 
 50   3  10 18 15 
 51   3  10 1 18 
 52   3  7 18 13 
 53   3  22 9 11 
 54   3  7 12 18 
 55   3  5 9 23 
 56   3  22 9 13 
 57   3  4 22 11 
 58   3  7 19 11 
 59   3  5 14 25 
 60   3  5 6 14 
 61   3  5 12 25 
 62   3  7 12 11 
 63   3  10 19 14 
 64   3  4 22 13 
 65   3  10 8 19 
 66   3  10 8 15 
 67   3  5 15 23 
 68   3  10 1 14 
 69   3  4 20 13 
 70   3  5 12 15 
 71   3  6 23 13 
 72   3  6 8 23 
 73   3  4 21 11 
 74   3  4 20 14 
 75   3  4 14 11 
 76   3  4 15 13 
 77   3  4 21 15 
 78   3  6 19 14 
 79   3  6 20 13 
 80   3  6 8 19 
 81   3  6 20 14 
 82   3  1 20 13 
 83   3  1 20 14 
 84   3  9 11 25 
 85   3  9 1 25 
 86   3  19 14 11 
 87   3  8 19 11 
 88   3  9 23 13 
 89   3  9 8 23 
 90   3  14 11 25 
 91   3  12 11 25 
 92   3  18 15 13 
 93   3  15 23 13 
 94   3  12 21 11 
 95   3  8 21 11 
 96   3  1 14 25 
 97   3  12 18 15 
 98   3  12 21 15 
 99   3  12 1 25 
100   3  1 18 13 
101   3  9 8 11 
102   3  8 15 23 
103   3  8 21 15 
104   3  9 1 13 
105   3  12 1 18 

# edge->tree
25
  1  15  17 28 34 36 37 51 68 82 83 85 96 99 100 104 105
  2  15  1 2 3 4 5 6 7 8 9 10 11 12 13 14 15
  3  15  1 2 4 16 17 18 19 20 22 24 31 32 33 36 37
  4  15  2 13 15 20 24 40 43 57 64 69 73 74 75 76 77
  5  15  3 11 14 21 26 38 42 46 48 55 59 60 61 67 70
  6  15  18 22 26 27 33 45 46 49 60 71 72 78 79 80 81
  7  15  5 6 9 23 25 27 30 44 45 47 49 52 54 58 62
  8  15  19 29 32 33 35 65 66 72 80 87 89 95 101 102 103
  9  15  7 12 14 28 29 48 53 55 56 84 85 88 89 101 104
 10  15  8 9 10 25 30 34 35 39 41 50 51 63 65 66 68
 11  15  44 53 57 58 62 73 75 84 86 87 90 91 94 95 101
 12  15  16 21 23 31 37 54 61 62 70 91 94 97 98 99 105
 13  15  47 49 52 56 64 69 71 76 79 82 88 92 93 100 104
 14  15  41 42 43 59 60 63 68 74 75 78 81 83 86 90 96
 15  15  38 39 40 50 66 67 70 76 77 92 93 97 98 102 103
 16   9  4 7 8 17 19 28 29 34 35
 17   9  10 11 15 38 39 40 41 42 43
 18   9  25 50 51 52 54 92 97 100 105
 19   9  30 45 58 63 65 78 80 86 87
 20   9  22 24 36 69 74 79 81 82 83
 21   9  20 31 32 73 77 94 95 98 103
 22   9  6 12 13 44 47 53 56 57 64
 23   9  46 55 67 71 72 88 89 93 102
 24   9  1 3 5 16 18 21 23 26 27
 25   9  48 59 61 84 85 90 91 96 99

# writing mam105.ass
# exit normally
